<?xml version="1.0" encoding="UTF-8"?>
<testsuite xmlns:xsi="http://www.w3.org/2001/XMLSchema-instance" xsi:noNamespaceSchemaLocation="https://maven.apache.org/surefire/maven-surefire-plugin/xsd/surefire-test-report-3.0.xsd" version="3.0" name="fr.epsi.service.CommandeServiceTest" time="0.202" tests="11" errors="0" skipped="0" failures="0">
  <properties>
[...]
</properties>
  <testcase name="appliquerRemise_RemiseSupCent_LeveException" classname="fr.epsi.service.CommandeServiceTest" time="0.061"/>
  <testcase name="categoriser_CentCinquanteEuros_RetourneMoyenne" classname="fr.epsi.service.CommandeServiceTest" time="0.015"/>
  <testcase name="calculerTotal_PanierVide_LeveException" classname="fr.epsi.service.CommandeServiceTest" time="0.0"/>
  <testcase name="calculerTotal_PlusieursArticles_RetourneSomme" classname="fr.epsi.service.CommandeServiceTest" time="0.019"/>
  <testcase name="calculerTotal_PanierNull_LeveException" classname="fr.epsi.service.CommandeServiceTest" time="0.0"/>
  <testcase name="appliquerRemise_DixPourcent_RetourneQuatreVingtDix" classname="fr.epsi.service.CommandeServiceTest" time="0.0"/>
  <testcase name="appliquerRemise_RemiseNegative_LeveException" classname="fr.epsi.service.CommandeServiceTest" time="0.0"/>
  <testcase name="categoriser_CinqCentsEuros_RetourneGrande" classname="fr.epsi.service.CommandeServiceTest" time="0.003"/>
  <testcase name="calculerTotal_TroisStylos_RetourneSix" classname="fr.epsi.service.CommandeServiceTest" time="0.001"/>
  <testcase name="categoriser_TrenteEuros_RetournePetite" classname="fr.epsi.service.CommandeServiceTest" time="0.0"/>
  <testcase name="appliquerRemise_ZeroPourcent_RetourneTotalInchange" classname="fr.epsi.service.CommandeServiceTest" time="0.0"/>
</testsuite>